# JRE version: OpenJDK Runtime Environment Microsoft-11369865 (17.0.15+6) (build 17.0.15+6-LTS)
# Java VM: OpenJDK 64-Bit Server VM Microsoft-11369865 (17.0.15+6-LTS, mixed mode, tiered, compressed oops, compressed class ptrs, g1 gc, windows-amd64)
GC Precious Log:
 CPUs: 16 total, 16 available
 Memory: 32690M
 Large Page Support: Disabled
 NUMA Support: Disabled
 Compressed Oops: Enabled (Zero based)
 Heap Region Size: 32M
 Heap Min Capacity: 32M
 Heap Initial Capacity: 512M
 Heap Max Capacity: 19840M
 Pre-touch: Disabled
 Parallel Workers: 13
 Concurrent Workers: 3
 Concurrent Refinement Workers: 13
 Periodic GC: Disabled
Heap:
 garbage-first heap   total 11468800K, used 5929733K [0x0000000328000000, 0x0000000800000000)
  region size 32768K, 11 young (360448K), 9 survivors (294912K)
 Metaspace       used 473357K, committed 476288K, reserved 1441792K
  class space    used 93378K, committed 94720K, reserved 1048576K
GC Heap History (20 events):
Event: 92.389 GC heap before
{Heap before GC invocations=95 (full 0):
 garbage-first heap   total 10158080K, used 6427374K [0x0000000328000000, 0x0000000800000000)
  region size 32768K, 63 young (2064384K), 5 survivors (163840K)
 Metaspace       used 462486K, committed 465344K, reserved 1441792K
  class space    used 91992K, committed 93248K, reserved 1048576K
}
Event: 92.434 GC heap after
{Heap after GC invocations=96 (full 0):
 garbage-first heap   total 10158080K, used 4657580K [0x0000000328000000, 0x0000000800000000)
  region size 32768K, 6 young (196608K), 6 survivors (196608K)
 Metaspace       used 462486K, committed 465344K, reserved 1441792K
  class space    used 91992K, committed 93248K, reserved 1048576K
}
Event: 92.859 GC heap before
{Heap before GC invocations=96 (full 0):
 garbage-first heap   total 10158080K, used 6459820K [0x0000000328000000, 0x0000000800000000)
  region size 32768K, 62 young (2031616K), 6 survivors (196608K)
 Metaspace       used 462852K, committed 465664K, reserved 1441792K
  class space    used 92047K, committed 93312K, reserved 1048576K
}
Event: 92.901 GC heap after
{Heap after GC invocations=97 (full 0):
 garbage-first heap   total 10158080K, used 4691991K [0x0000000328000000, 0x0000000800000000)
  region size 32768K, 6 young (196608K), 6 survivors (196608K)
 Metaspace       used 462852K, committed 465664K, reserved 1441792K
  class space    used 92047K, committed 93312K, reserved 1048576K
}
Event: 93.417 GC heap before
{Heap before GC invocations=97 (full 0):
 garbage-first heap   total 10158080K, used 6494231K [0x0000000328000000, 0x0000000800000000)
  region size 32768K, 62 young (2031616K), 6 survivors (196608K)
 Metaspace       used 463096K, committed 465984K, reserved 1441792K
  class space    used 92086K, committed 93376K, reserved 1048576K
}
Event: 93.465 GC heap after
{Heap after GC invocations=98 (full 0):
 garbage-first heap   total 10158080K, used 4802758K [0x0000000328000000, 0x0000000800000000)
  region size 32768K, 7 young (229376K), 7 survivors (229376K)
 Metaspace       used 463096K, committed 465984K, reserved 1441792K
  class space    used 92086K, committed 93376K, reserved 1048576K
}
Event: 94.113 GC heap before
{Heap before GC invocations=98 (full 0):
 garbage-first heap   total 10158080K, used 6604998K [0x0000000328000000, 0x0000000800000000)
  region size 32768K, 62 young (2031616K), 7 survivors (229376K)
 Metaspace       used 463096K, committed 465984K, reserved 1441792K
  class space    used 92086K, committed 93376K, reserved 1048576K
}
Event: 94.201 GC heap after
{Heap after GC invocations=99 (full 0):
 garbage-first heap   total 10158080K, used 5062766K [0x0000000328000000, 0x0000000800000000)
  region size 32768K, 8 young (262144K), 8 survivors (262144K)
 Metaspace       used 463096K, committed 465984K, reserved 1441792K
  class space    used 92086K, committed 93376K, reserved 1048576K
}
Event: 94.851 GC heap before
{Heap before GC invocations=99 (full 0):
 garbage-first heap   total 10158080K, used 6832238K [0x0000000328000000, 0x0000000800000000)
  region size 32768K, 62 young (2031616K), 8 survivors (262144K)
 Metaspace       used 463097K, committed 465984K, reserved 1441792K
  class space    used 92086K, committed 93376K, reserved 1048576K
}
Event: 94.935 GC heap after
{Heap after GC invocations=100 (full 0):
 garbage-first heap   total 10682368K, used 5225523K [0x0000000328000000, 0x0000000800000000)
  region size 32768K, 8 young (262144K), 8 survivors (262144K)
 Metaspace       used 463097K, committed 465984K, reserved 1441792K
  class space    used 92086K, committed 93376K, reserved 1048576K
}
Event: 95.722 GC heap before
{Heap before GC invocations=100 (full 0):
 garbage-first heap   total 10682368K, used 7093299K [0x0000000328000000, 0x0000000800000000)
  region size 32768K, 65 young (2129920K), 8 survivors (262144K)
 Metaspace       used 463097K, committed 465984K, reserved 1441792K
  class space    used 92086K, committed 93376K, reserved 1048576K
}
Event: 95.806 GC heap after
{Heap after GC invocations=101 (full 0):
 garbage-first heap   total 10682368K, used 5350528K [0x0000000328000000, 0x0000000800000000)
  region size 32768K, 9 young (294912K), 9 survivors (294912K)
 Metaspace       used 463097K, committed 465984K, reserved 1441792K
  class space    used 92086K, committed 93376K, reserved 1048576K
}
Event: 96.541 GC heap before
{Heap before GC invocations=101 (full 0):
 garbage-first heap   total 10682368K, used 7185536K [0x0000000328000000, 0x0000000800000000)
  region size 32768K, 65 young (2129920K), 9 survivors (294912K)
 Metaspace       used 463097K, committed 465984K, reserved 1441792K
  class space    used 92086K, committed 93376K, reserved 1048576K
}
Event: 96.636 GC heap after
{Heap after GC invocations=102 (full 0):
 garbage-first heap   total 10682368K, used 5476702K [0x0000000328000000, 0x0000000800000000)
  region size 32768K, 9 young (294912K), 9 survivors (294912K)
 Metaspace       used 463097K, committed 465984K, reserved 1441792K
  class space    used 92086K, committed 93376K, reserved 1048576K
}
Event: 97.289 GC heap before
{Heap before GC invocations=102 (full 0):
 garbage-first heap   total 10682368K, used 7311710K [0x0000000328000000, 0x0000000800000000)
  region size 32768K, 65 young (2129920K), 9 survivors (294912K)
 Metaspace       used 463097K, committed 465984K, reserved 1441792K
  class space    used 92086K, committed 93376K, reserved 1048576K
}
Event: 97.366 GC heap after
{Heap after GC invocations=103 (full 0):
 garbage-first heap   total 10682368K, used 5627109K [0x0000000328000000, 0x0000000800000000)
  region size 32768K, 9 young (294912K), 9 survivors (294912K)
 Metaspace       used 463097K, committed 465984K, reserved 1441792K
  class space    used 92086K, committed 93376K, reserved 1048576K
}
Event: 98.031 GC heap before
{Heap before GC invocations=103 (full 0):
 garbage-first heap   total 10682368K, used 7462117K [0x0000000328000000, 0x0000000800000000)
  region size 32768K, 65 young (2129920K), 9 survivors (294912K)
 Metaspace       used 463097K, committed 465984K, reserved 1441792K
  class space    used 92086K, committed 93376K, reserved 1048576K
}
Event: 98.111 GC heap after
{Heap after GC invocations=104 (full 0):
 garbage-first heap   total 11468800K, used 5783257K [0x0000000328000000, 0x0000000800000000)
  region size 32768K, 9 young (294912K), 9 survivors (294912K)
 Metaspace       used 463097K, committed 465984K, reserved 1441792K
  class space    used 92086K, committed 93376K, reserved 1048576K
}
Event: 102.422 GC heap before
{Heap before GC invocations=104 (full 0):
 garbage-first heap   total 11468800K, used 7782105K [0x0000000328000000, 0x0000000800000000)
  region size 32768K, 70 young (2293760K), 9 survivors (294912K)
 Metaspace       used 465722K, committed 468544K, reserved 1441792K
  class space    used 92353K, committed 93632K, reserved 1048576K
}
Event: 102.445 GC heap after
{Heap after GC invocations=105 (full 0):
 garbage-first heap   total 11468800K, used 5587851K [0x0000000328000000, 0x0000000800000000)
  region size 32768K, 3 young (98304K), 3 survivors (98304K)
 Metaspace       used 465722K, committed 468544K, reserved 1441792K
  class space    used 92353K, committed 93632K, reserved 1048576K
}

