# JRE version: OpenJDK Runtime Environment Microsoft-11369865 (17.0.15+6) (build 17.0.15+6-LTS)
# Java VM: OpenJDK 64-Bit Server VM Microsoft-11369865 (17.0.15+6-LTS, mixed mode, tiered, compressed oops, compressed class ptrs, g1 gc, windows-amd64)
GC Precious Log:
 CPUs: 16 total, 16 available
 Memory: 32690M
 Large Page Support: Disabled
 NUMA Support: Disabled
 Compressed Oops: Enabled (Zero based)
 Heap Region Size: 32M
 Heap Min Capacity: 32M
 Heap Initial Capacity: 512M
 Heap Max Capacity: 19840M
 Pre-touch: Disabled
 Parallel Workers: 13
 Concurrent Workers: 3
 Concurrent Refinement Workers: 13
 Periodic GC: Disabled
Heap:
 garbage-first heap   total 15237120K, used 12025856K [0x0000000328000000, 0x0000000800000000)
  region size 32768K, 12 young (393216K), 12 survivors (393216K)
 Metaspace       used 351817K, committed 354624K, reserved 1376256K
  class space    used 61968K, committed 63232K, reserved 1048576K
GC Heap History (20 events):
Event: 839.955 GC heap after
{Heap after GC invocations=404 (full 0):
 garbage-first heap   total 15237120K, used 9059179K [0x0000000328000000, 0x0000000800000000)
  region size 32768K, 7 young (229376K), 7 survivors (229376K)
 Metaspace       used 351687K, committed 354496K, reserved 1376256K
  class space    used 61956K, committed 63232K, reserved 1048576K
}
Event: 842.273 GC heap before
{Heap before GC invocations=404 (full 0):
 garbage-first heap   total 15237120K, used 11909995K [0x0000000328000000, 0x0000000800000000)
  region size 32768K, 95 young (3112960K), 7 survivors (229376K)
 Metaspace       used 351687K, committed 354496K, reserved 1376256K
  class space    used 61956K, committed 63232K, reserved 1048576K
}
Event: 842.306 GC heap after
{Heap after GC invocations=405 (full 0):
 garbage-first heap   total 15237120K, used 9091230K [0x0000000328000000, 0x0000000800000000)
  region size 32768K, 7 young (229376K), 7 survivors (229376K)
 Metaspace       used 351687K, committed 354496K, reserved 1376256K
  class space    used 61956K, committed 63232K, reserved 1048576K
}
Event: 844.326 GC heap before
{Heap before GC invocations=405 (full 0):
 garbage-first heap   total 15237120K, used 11909278K [0x0000000328000000, 0x0000000800000000)
  region size 32768K, 94 young (3080192K), 7 survivors (229376K)
 Metaspace       used 351689K, committed 354496K, reserved 1376256K
  class space    used 61956K, committed 63232K, reserved 1048576K
}
Event: 844.358 GC heap after
{Heap after GC invocations=406 (full 0):
 garbage-first heap   total 15237120K, used 9120013K [0x0000000328000000, 0x0000000800000000)
  region size 32768K, 7 young (229376K), 7 survivors (229376K)
 Metaspace       used 351689K, committed 354496K, reserved 1376256K
  class space    used 61956K, committed 63232K, reserved 1048576K
}
Event: 846.819 GC heap before
{Heap before GC invocations=406 (full 0):
 garbage-first heap   total 15237120K, used 11905293K [0x0000000328000000, 0x0000000800000000)
  region size 32768K, 93 young (3047424K), 7 survivors (229376K)
 Metaspace       used 351689K, committed 354496K, reserved 1376256K
  class space    used 61956K, committed 63232K, reserved 1048576K
}
Event: 846.846 GC heap after
{Heap after GC invocations=407 (full 0):
 garbage-first heap   total 15237120K, used 9146573K [0x0000000328000000, 0x0000000800000000)
  region size 32768K, 8 young (262144K), 8 survivors (262144K)
 Metaspace       used 351689K, committed 354496K, reserved 1376256K
  class space    used 61956K, committed 63232K, reserved 1048576K
}
Event: 848.918 GC heap before
{Heap before GC invocations=407 (full 0):
 garbage-first heap   total 15237120K, used 11899085K [0x0000000328000000, 0x0000000800000000)
  region size 32768K, 93 young (3047424K), 8 survivors (262144K)
 Metaspace       used 351689K, committed 354496K, reserved 1376256K
  class space    used 61956K, committed 63232K, reserved 1048576K
}
Event: 848.950 GC heap after
{Heap after GC invocations=408 (full 0):
 garbage-first heap   total 15237120K, used 9173928K [0x0000000328000000, 0x0000000800000000)
  region size 32768K, 7 young (229376K), 7 survivors (229376K)
 Metaspace       used 351689K, committed 354496K, reserved 1376256K
  class space    used 61956K, committed 63232K, reserved 1048576K
}
Event: 851.352 GC heap before
{Heap before GC invocations=408 (full 0):
 garbage-first heap   total 15237120K, used 11959208K [0x0000000328000000, 0x0000000800000000)
  region size 32768K, 93 young (3047424K), 7 survivors (229376K)
 Metaspace       used 351800K, committed 354624K, reserved 1376256K
  class space    used 61967K, committed 63232K, reserved 1048576K
}
Event: 851.408 GC heap after
{Heap after GC invocations=409 (full 0):
 garbage-first heap   total 15237120K, used 9283958K [0x0000000328000000, 0x0000000800000000)
  region size 32768K, 10 young (327680K), 10 survivors (327680K)
 Metaspace       used 351800K, committed 354624K, reserved 1376256K
  class space    used 61967K, committed 63232K, reserved 1048576K
}
Event: 851.779 GC heap before
{Heap before GC invocations=409 (full 0):
 garbage-first heap   total 15237120K, used 11970934K [0x0000000328000000, 0x0000000800000000)
  region size 32768K, 93 young (3047424K), 10 survivors (327680K)
 Metaspace       used 351803K, committed 354624K, reserved 1376256K
  class space    used 61968K, committed 63232K, reserved 1048576K
}
Event: 851.879 GC heap after
{Heap after GC invocations=410 (full 0):
 garbage-first heap   total 15237120K, used 9530451K [0x0000000328000000, 0x0000000800000000)
  region size 32768K, 12 young (393216K), 12 survivors (393216K)
 Metaspace       used 351803K, committed 354624K, reserved 1376256K
  class space    used 61968K, committed 63232K, reserved 1048576K
}
Event: 852.261 GC heap before
{Heap before GC invocations=410 (full 0):
 garbage-first heap   total 15237120K, used 12151891K [0x0000000328000000, 0x0000000800000000)
  region size 32768K, 93 young (3047424K), 12 survivors (393216K)
 Metaspace       used 351804K, committed 354624K, reserved 1376256K
  class space    used 61968K, committed 63232K, reserved 1048576K
}
Event: 852.383 GC heap after
{Heap after GC invocations=411 (full 0):
 garbage-first heap   total 15237120K, used 9857494K [0x0000000328000000, 0x0000000800000000)
  region size 32768K, 12 young (393216K), 12 survivors (393216K)
 Metaspace       used 351804K, committed 354624K, reserved 1376256K
  class space    used 61968K, committed 63232K, reserved 1048576K
}
Event: 852.810 GC heap before
{Heap before GC invocations=411 (full 0):
 garbage-first heap   total 15237120K, used 12478934K [0x0000000328000000, 0x0000000800000000)
  region size 32768K, 93 young (3047424K), 12 survivors (393216K)
 Metaspace       used 351815K, committed 354624K, reserved 1376256K
  class space    used 61968K, committed 63232K, reserved 1048576K
}
Event: 852.952 GC heap after
{Heap after GC invocations=412 (full 0):
 garbage-first heap   total 15237120K, used 10288209K [0x0000000328000000, 0x0000000800000000)
  region size 32768K, 12 young (393216K), 12 survivors (393216K)
 Metaspace       used 351815K, committed 354624K, reserved 1376256K
  class space    used 61968K, committed 63232K, reserved 1048576K
}
Event: 853.525 GC heap before
{Heap before GC invocations=412 (full 0):
 garbage-first heap   total 15237120K, used 12909649K [0x0000000328000000, 0x0000000800000000)
  region size 32768K, 93 young (3047424K), 12 survivors (393216K)
 Metaspace       used 351817K, committed 354624K, reserved 1376256K
  class space    used 61968K, committed 63232K, reserved 1048576K
}
Event: 853.714 GC heap after
{Heap after GC invocations=413 (full 0):
 garbage-first heap   total 15237120K, used 11206656K [0x0000000328000000, 0x0000000800000000)
  region size 32768K, 12 young (393216K), 12 survivors (393216K)
 Metaspace       used 351817K, committed 354624K, reserved 1376256K
  class space    used 61968K, committed 63232K, reserved 1048576K
}
Event: 854.273 GC heap before
{Heap before GC invocations=413 (full 0):
 garbage-first heap   total 15237120K, used 13828096K [0x0000000328000000, 0x0000000800000000)
  region size 32768K, 93 young (3047424K), 12 survivors (393216K)
 Metaspace       used 351817K, committed 354624K, reserved 1376256K
  class space    used 61968K, committed 63232K, reserved 1048576K
}

